"{"nodes":[{"id":1,"position":{"x":-240.47413635253907,"y":0.0,"z":227.57986450195313}},{"id":2,"position":{"x":-115.01180267333985,"y":0.0,"z":230.39613342285157}},{"id":3,"position":{"x":-14.508604049682618,"y":0.0,"z":230.8497314453125}},{"id":4,"position":{"x":42.24802017211914,"y":0.0,"z":237.61709594726563}},{"id":5,"position":{"x":162.4398956298828,"y":0.0,"z":236.23194885253907}}],"edges":[{"node1Id":1,"node2Id":2,"edgeType":0,"splinePoints":[{"x":-240.47413635253907,"y":0.0,"z":227.57986450195313},{"x":-115.01180267333985,"y":0.0,"z":230.39613342285157}],"constructMode":1},{"node1Id":2,"node2Id":4,"edgeType":0,"splinePoints":[{"x":-115.01180267333985,"y":0.0,"z":230.39613342285157},{"x":42.24802017211914,"y":0.0,"z":237.61709594726563}],"constructMode":1},{"node1Id":2,"node2Id":3,"edgeType":0,"splinePoints":[{"x":-115.01180267333985,"y":0.0,"z":230.39613342285157},{"x":-14.508604049682618,"y":0.0,"z":230.8497314453125}],"constructMode":1}]}"
"Detected grpc-netty-shaded: Creating ShadedNettyGrpcServerFactory"
"Registered gRPC service: ir.sharif.aic.hideandseek.api.grpc.GameHandler, bean: gameHandlerApiV1, class: ir.sharif.aic.hideandseek.api.GameHandlerApiV1"
"Registered gRPC service: grpc.health.v1.Health, bean: grpcHealthService, class: io.grpc.protobuf.services.HealthServiceImpl"
"Registered gRPC service: grpc.reflection.v1alpha.ServerReflection, bean: protoReflectionService, class: io.grpc.protobuf.services.ProtoReflectionService"
"gRPC Server started, listening on address: *, port: 7000"
"{"id":"5dc1b9cf-3b47-48ed-b93a-d2da3f3bf2fc","timeStamp":1659290006682,"type":"READINESS_DECLARATION","message":"agent with id:4 has declared its readiness","context":{"agentId":"4","balance":"1000.0","team":"SECOND","type":"POLICE","nodeId":"1","token":"token_4"}}"
"{"id":"2e931959-63d2-408a-9fe3-cd48ff40c0cb","timeStamp":1659290007447,"type":"READINESS_DECLARATION","message":"agent with id:2 has declared its readiness","context":{"agentId":"2","balance":"1000.0","team":"FIRST","type":"POLICE","nodeId":"1","token":"token_2"}}"
"{"id":"03e40a0c-3775-476c-8ec9-28f40fce231b","timeStamp":1659290007448,"type":"READINESS_DECLARATION","message":"agent with id:1 has declared its readiness","context":{"agentId":"1","balance":"1000.0","team":"FIRST","type":"THIEF","nodeId":"2","token":"token_1"}}"
"{"id":"99ded2fd-130f-4c6c-bb45-99c3fe09cbf2","timeStamp":1659290007448,"type":"READINESS_DECLARATION","message":"agent with id:3 has declared its readiness","context":{"agentId":"3","balance":"1000.0","team":"SECOND","type":"THIEF","nodeId":"2","token":"token_3"}}"
"{"id":"0f779f19-6a2a-4e0f-89ba-489a9ce0b0c7","timeStamp":1659290007449,"type":"STATUS_CHANGE","message":"game changed status from PENDING to ONGOING","context":{"toStatus":"ONGOING","fromStatus":"PENDING"}}"
"{"id":"367b5bd9-4198-4eae-8092-0d8848b27de3","timeStamp":1659290007464,"type":"AGENT_MOVEMENT","message":"agent with id: 3 has moved from node with id: 2 to node with id: 3","context":{"agentId":"3","balance":"950.0","price":"50.0","toNodeId":"3","fromNodeId":"2"}}"
"{"id":"c222d3cf-68a1-4a81-8254-278384d4039b","timeStamp":1659290007465,"type":"AGENT_MOVEMENT","message":"agent with id: 1 has moved from node with id: 2 to node with id: 3","context":{"agentId":"1","balance":"950.0","price":"50.0","toNodeId":"3","fromNodeId":"2"}}"
"{"id":"5dff00fb-45ea-4f06-bb27-a51f1b524558","timeStamp":1659290008472,"type":"TURN_CHANGE","message":"","context":{"toTurnNumber":"2","isVisible":"true","toTurn":"POLICE_TURN"}}"
"{"id":"09a9f815-4e6d-4dc4-8494-b9dae275436f","timeStamp":1659290008505,"type":"AGENT_SEND_MESSAGE","message":"agent with id: 2 has send a message inside team: FIRST'POLICE chat box.","context":{"agentId":"2","balance":"992.0","price":"8.0","team":"FIRST","text":"00101001","type":"POLICE"}}"
"{"id":"13b32481-341a-4317-82b7-d138eacb786b","timeStamp":1659290008511,"type":"AGENT_BALANCE_CHARGED","message":"balance of agent with id: 2 was charged 100.000000 units","context":{"agentId":"2","balance":"1092.0","wage":"100.0"}}"
"{"id":"f1c921ac-9999-4cad-adfb-6dfc82fda344","timeStamp":1659290008513,"type":"AGENT_BALANCE_CHARGED","message":"balance of agent with id: 4 was charged 100.000000 units","context":{"agentId":"4","balance":"1100.0","wage":"100.0"}}"
"{"id":"513bfe92-95ef-47f0-bb70-7db900b8a72e","timeStamp":1659290008515,"type":"AGENT_BALANCE_CHARGED","message":"balance of agent with id: 1 was charged 100.000000 units","context":{"agentId":"1","balance":"1050.0","wage":"100.0"}}"
"{"id":"d67423df-a59e-4f0a-85d7-5b683dff7b12","timeStamp":1659290008516,"type":"AGENT_BALANCE_CHARGED","message":"balance of agent with id: 3 was charged 100.000000 units","context":{"agentId":"3","balance":"1050.0","wage":"100.0"}}"
"{"id":"566a226b-5a46-4d8c-831f-98c149225998","timeStamp":1659290008516,"type":"AGENT_MOVEMENT","message":"agent with id: 2 decided to stay in node with id: 1","context":{"agentId":"2","balance":"1092.0","price":"0.0","toNodeId":"1","fromNodeId":"1"}}"
"{"id":"31dbbdcd-8fee-401d-8576-5d4335c2dec3","timeStamp":1659290008516,"type":"AGENT_SEND_MESSAGE","message":"agent with id: 4 has send a message inside team: SECOND'POLICE chat box.","context":{"agentId":"4","balance":"1092.0","price":"8.0","team":"SECOND","text":"00101001","type":"POLICE"}}"
"{"id":"74f2c0b4-d336-43c0-a591-0d67ecd47085","timeStamp":1659290008524,"type":"AGENT_MOVEMENT","message":"agent with id: 4 decided to stay in node with id: 1","context":{"agentId":"4","balance":"1092.0","price":"0.0","toNodeId":"1","fromNodeId":"1"}}"
"{"id":"76601d9b-f15b-4c9e-81d7-3f22f2ce1b5f","timeStamp":1659290009518,"type":"TURN_CHANGE","message":"","context":{"toTurnNumber":"3","isVisible":"true","toTurn":"THIEF_TURN"}}"
"{"id":"02b523d3-3f61-4dd6-87f1-356aba6db9c2","timeStamp":1659290009526,"type":"AGENT_MOVEMENT","message":"agent with id: 1 has moved from node with id: 3 to node with id: 2","context":{"agentId":"1","balance":"1000.0","price":"50.0","toNodeId":"2","fromNodeId":"3"}}"
"{"id":"5a42f36a-6d6c-4a38-a910-590e85d2778e","timeStamp":1659290009527,"type":"AGENT_MOVEMENT","message":"agent with id: 3 has moved from node with id: 3 to node with id: 2","context":{"agentId":"3","balance":"1000.0","price":"50.0","toNodeId":"2","fromNodeId":"3"}}"
"{"id":"e4247142-2625-4a0d-914a-d23b1fd4bbf0","timeStamp":1659290009536,"type":"AGENT_BALANCE_CHARGED","message":"balance of agent with id: 2 was charged 100.000000 units","context":{"agentId":"2","balance":"1192.0","wage":"100.0"}}"
"{"id":"cd879514-049d-4d84-976b-8c467fb35b25","timeStamp":1659290009536,"type":"AGENT_BALANCE_CHARGED","message":"balance of agent with id: 4 was charged 100.000000 units","context":{"agentId":"4","balance":"1192.0","wage":"100.0"}}"
"{"id":"d7c3e1e2-145d-41b6-b663-5c0bd2e475ed","timeStamp":1659290009536,"type":"AGENT_BALANCE_CHARGED","message":"balance of agent with id: 1 was charged 100.000000 units","context":{"agentId":"1","balance":"1100.0","wage":"100.0"}}"
"{"id":"ecfcfc3e-0ae5-48b3-b521-a3d5283aa043","timeStamp":1659290009536,"type":"AGENT_BALANCE_CHARGED","message":"balance of agent with id: 3 was charged 100.000000 units","context":{"agentId":"3","balance":"1100.0","wage":"100.0"}}"
"{"id":"a8a39f74-2f54-408b-bc0a-a6a805f9e0d4","timeStamp":1659290010537,"type":"TURN_CHANGE","message":"","context":{"toTurnNumber":"4","isVisible":"false","toTurn":"POLICE_TURN"}}"
"{"id":"f746a26a-abc4-4244-98a0-c89290b0d366","timeStamp":1659290010545,"type":"AGENT_SEND_MESSAGE","message":"agent with id: 2 has send a message inside team: FIRST'POLICE chat box.","context":{"agentId":"2","balance":"1184.0","price":"8.0","team":"FIRST","text":"00101001","type":"POLICE"}}"
"{"id":"5f224c88-8284-4975-be5b-d69e00ba1e8a","timeStamp":1659290010546,"type":"AGENT_SEND_MESSAGE","message":"agent with id: 4 has send a message inside team: SECOND'POLICE chat box.","context":{"agentId":"4","balance":"1184.0","price":"8.0","team":"SECOND","text":"00101001","type":"POLICE"}}"
"{"id":"1ea9a0a8-5aeb-45c5-a086-adfba6faddd0","timeStamp":1659290010548,"type":"AGENT_MOVEMENT","message":"agent with id: 2 decided to stay in node with id: 1","context":{"agentId":"2","balance":"1184.0","price":"0.0","toNodeId":"1","fromNodeId":"1"}}"
"{"id":"8fd0cd57-68f6-4f9a-b5ef-08e3b97dece2","timeStamp":1659290010549,"type":"AGENT_MOVEMENT","message":"agent with id: 4 decided to stay in node with id: 1","context":{"agentId":"4","balance":"1184.0","price":"0.0","toNodeId":"1","fromNodeId":"1"}}"
"{"id":"ceafb79c-b03b-4deb-926f-7c098361dc95","timeStamp":1659290010553,"type":"AGENT_BALANCE_CHARGED","message":"balance of agent with id: 2 was charged 100.000000 units","context":{"agentId":"2","balance":"1284.0","wage":"100.0"}}"
"{"id":"4a0c3740-4cc9-47b4-8b97-eec692b02c47","timeStamp":1659290010553,"type":"AGENT_BALANCE_CHARGED","message":"balance of agent with id: 4 was charged 100.000000 units","context":{"agentId":"4","balance":"1284.0","wage":"100.0"}}"
"{"id":"cf9b21c3-9640-4c7c-bb61-c80f509e2820","timeStamp":1659290010553,"type":"AGENT_BALANCE_CHARGED","message":"balance of agent with id: 1 was charged 100.000000 units","context":{"agentId":"1","balance":"1200.0","wage":"100.0"}}"
"{"id":"fe0626dc-3d6e-4767-a171-35d89708ac32","timeStamp":1659290010553,"type":"AGENT_BALANCE_CHARGED","message":"balance of agent with id: 3 was charged 100.000000 units","context":{"agentId":"3","balance":"1200.0","wage":"100.0"}}"
"{"id":"f97a952b-c0ef-42f7-a495-4ebe8e9f86cc","timeStamp":1659290011554,"type":"TURN_CHANGE","message":"","context":{"toTurnNumber":"5","isVisible":"false","toTurn":"THIEF_TURN"}}"
"Completed gRPC server shutdown"
